<?xml version="1.0" encoding="UTF-8"?>
<testsuite name="ttt.TicTacToeTest" tests="15" skipped="0" failures="0" errors="0" timestamp="2016-10-26T17:04:53" hostname="OSurface" time="0.009">
  <properties/>
  <testcase name="crossWinFailure" classname="ttt.TicTacToeTest" time="0.002"/>
  <testcase name="testPrint" classname="ttt.TicTacToeTest" time="0.001"/>
  <testcase name="verticalWinFailure" classname="ttt.TicTacToeTest" time="0.0"/>
  <testcase name="horizontalWinFailure" classname="ttt.TicTacToeTest" time="0.0"/>
  <testcase name="updateBoard" classname="ttt.TicTacToeTest" time="0.0"/>
  <testcase name="horizontalWin" classname="ttt.TicTacToeTest" time="0.0"/>
  <testcase name="testingPassingValidation" classname="ttt.TicTacToeTest" time="0.0"/>
  <testcase name="humanPlayerFalse" classname="ttt.TicTacToeTest" time="0.001"/>
  <testcase name="humanPlayerTrue" classname="ttt.TicTacToeTest" time="0.0"/>
  <testcase name="testInputPrint" classname="ttt.TicTacToeTest" time="0.0"/>
  <testcase name="updateBoardAt1358" classname="ttt.TicTacToeTest" time="0.001"/>
  <testcase name="testingFailingValidation" classname="ttt.TicTacToeTest" time="0.0"/>
  <testcase name="otherCrossWin" classname="ttt.TicTacToeTest" time="0.001"/>
  <testcase name="verticalWin" classname="ttt.TicTacToeTest" time="0.0"/>
  <testcase name="crossWin" classname="ttt.TicTacToeTest" time="0.001"/>
  <system-out><![CDATA[]]></system-out>
  <system-err><![CDATA[]]></system-err>
</testsuite>
