<?xml version="1.0" encoding="UTF-8"?>
<testsuite name="ttt.TicTacToeTest" tests="2" skipped="0" failures="0" errors="0" timestamp="2016-10-26T13:32:05" hostname="OSurface" time="0.002">
  <properties/>
  <testcase name="testPrint" classname="ttt.TicTacToeTest" time="0.002"/>
  <testcase name="testInputPrint" classname="ttt.TicTacToeTest" time="0.0"/>
  <system-out><![CDATA[]]></system-out>
  <system-err><![CDATA[]]></system-err>
</testsuite>
